<?xml version="1.0" encoding="UTF-8"?>
<!-- Generated by org.testng.reporters.JUnitReportReporter -->
<testsuite hostname="Shrutis-MacBook-Air.local" failures="0" tests="1" name="PageClass.TripAdvisorMainPage" time="21.267" errors="0" timestamp="2022-06-03T14:19:22 IST" skipped="0">
  <testcase classname="PageClass.TripAdvisorMainPage" name="SearchCountry" time="21.267"/>
  <system-out/>
</testsuite> <!-- PageClass.TripAdvisorMainPage -->
